2023-02-07 09:45:54.824+0000 INFO  Starting...
2023-02-07 09:45:56.317+0000 INFO  This instance is ServerId{ea7b2c04} (ea7b2c04-5c47-4d97-8675-e542fbfa5e12)
2023-02-07 09:46:00.444+0000 INFO  ======== Neo4j 5.4.0 ========
2023-02-07 09:46:10.153+0000 INFO  Bolt enabled on localhost:7687.
2023-02-07 09:46:15.882+0000 INFO  Remote interface available at http://localhost:7474/
2023-02-07 09:46:15.921+0000 INFO  id: 1AC7C631A5547ACB52ACCE3A338F184D4021C9ACD68FD41DBF4CF6D968E60B14
2023-02-07 09:46:15.924+0000 INFO  name: system
2023-02-07 09:46:15.926+0000 INFO  creationDate: 2023-02-07T09:46:02.667Z
2023-02-07 09:46:15.927+0000 INFO  Started.
2023-02-07 09:47:02.554+0000 WARN  The client is unauthorized due to authentication failure.
2023-02-07 09:47:02.672+0000 WARN  The client is unauthorized due to authentication failure.
2023-02-07 09:49:54.827+0000 INFO  Neo4j Server shutdown initiated by request
2023-02-07 09:49:54.829+0000 INFO  Stopping...
2023-02-07 09:49:59.985+0000 INFO  Stopped.
2023-02-07 10:50:01.356+0000 INFO  Starting...
2023-02-07 10:50:05.721+0000 INFO  This instance is ServerId{ea7b2c04} (ea7b2c04-5c47-4d97-8675-e542fbfa5e12)
2023-02-07 10:50:11.004+0000 INFO  ======== Neo4j 5.4.0 ========
2023-02-07 10:50:16.073+0000 INFO  Bolt enabled on localhost:7687.
2023-02-07 10:50:18.331+0000 INFO  Remote interface available at http://localhost:7474/
2023-02-07 10:50:18.339+0000 INFO  id: 1AC7C631A5547ACB52ACCE3A338F184D4021C9ACD68FD41DBF4CF6D968E60B14
2023-02-07 10:50:18.341+0000 INFO  name: system
2023-02-07 10:50:18.342+0000 INFO  creationDate: 2023-02-07T09:46:02.667Z
2023-02-07 10:50:18.343+0000 INFO  Started.
2023-02-07 10:51:55.746+0000 WARN  The client is unauthorized due to authentication failure.
2023-02-07 11:04:00.000+0000 INFO  Neo4j Server shutdown initiated by request
2023-02-07 11:04:00.003+0000 INFO  Stopping...
2023-02-07 11:04:05.209+0000 INFO  Stopped.
2023-02-07 11:05:08.717+0000 INFO  Starting...
2023-02-07 11:05:10.030+0000 INFO  This instance is ServerId{ea7b2c04} (ea7b2c04-5c47-4d97-8675-e542fbfa5e12)
2023-02-07 11:05:12.484+0000 INFO  ======== Neo4j 5.4.0 ========
2023-02-07 11:05:28.543+0000 INFO  Called db.clearQueryCaches(): Query cache already empty.
2023-02-07 11:05:28.764+0000 INFO  Bolt enabled on localhost:7687.
2023-02-07 11:05:30.926+0000 INFO  Remote interface available at http://localhost:7474/
2023-02-07 11:05:30.934+0000 INFO  id: 1AC7C631A5547ACB52ACCE3A338F184D4021C9ACD68FD41DBF4CF6D968E60B14
2023-02-07 11:05:30.935+0000 INFO  name: system
2023-02-07 11:05:30.936+0000 INFO  creationDate: 2023-02-07T09:46:02.667Z
2023-02-07 11:05:30.937+0000 INFO  Started.
2023-02-07 11:13:04.534+0000 INFO  Neo4j Server shutdown initiated by request
2023-02-07 11:13:04.535+0000 INFO  Stopping...
2023-02-07 11:13:09.725+0000 INFO  Stopped.
2023-02-07 11:13:36.862+0000 INFO  Starting...
2023-02-07 11:13:37.981+0000 INFO  This instance is ServerId{ea7b2c04} (ea7b2c04-5c47-4d97-8675-e542fbfa5e12)
2023-02-07 11:13:40.143+0000 INFO  ======== Neo4j 5.4.0 ========
2023-02-07 11:13:51.990+0000 INFO  Called db.clearQueryCaches(): Query cache already empty.
2023-02-07 11:13:52.167+0000 INFO  Bolt enabled on localhost:7687.
2023-02-07 11:13:53.999+0000 INFO  Remote interface available at http://localhost:7474/
2023-02-07 11:13:54.011+0000 INFO  id: 1AC7C631A5547ACB52ACCE3A338F184D4021C9ACD68FD41DBF4CF6D968E60B14
2023-02-07 11:13:54.013+0000 INFO  name: system
2023-02-07 11:13:54.014+0000 INFO  creationDate: 2023-02-07T09:46:02.667Z
2023-02-07 11:13:54.015+0000 INFO  Started.
2023-02-07 11:15:47.574+0000 WARN  The client is unauthorized due to authentication failure.
2023-02-07 11:15:48.343+0000 WARN  The client is unauthorized due to authentication failure.
2023-02-07 11:18:51.610+0000 INFO  Neo4j Server shutdown initiated by request
2023-02-07 11:18:51.612+0000 INFO  Stopping...
2023-02-07 11:18:56.709+0000 INFO  Stopped.
2023-02-07 11:19:16.961+0000 INFO  Starting...
2023-02-07 11:19:21.094+0000 INFO  This instance is ServerId{ea7b2c04} (ea7b2c04-5c47-4d97-8675-e542fbfa5e12)
2023-02-07 11:19:26.214+0000 INFO  ======== Neo4j 5.4.0 ========
2023-02-07 11:19:40.526+0000 INFO  Called db.clearQueryCaches(): Query cache already empty.
2023-02-07 11:19:40.647+0000 INFO  Bolt enabled on localhost:7687.
2023-02-07 11:19:42.613+0000 INFO  Remote interface available at http://localhost:7474/
2023-02-07 11:19:42.620+0000 INFO  id: 1AC7C631A5547ACB52ACCE3A338F184D4021C9ACD68FD41DBF4CF6D968E60B14
2023-02-07 11:19:42.620+0000 INFO  name: system
2023-02-07 11:19:42.621+0000 INFO  creationDate: 2023-02-07T09:46:02.667Z
2023-02-07 11:19:42.622+0000 INFO  Started.
2023-02-07 11:28:51.168+0000 INFO  Neo4j Server shutdown initiated by request
2023-02-07 11:28:51.174+0000 INFO  Stopping...
2023-02-07 11:28:56.347+0000 INFO  Stopped.
2023-02-07 11:29:22.583+0000 INFO  Starting...
2023-02-07 11:29:24.297+0000 INFO  This instance is ServerId{ea7b2c04} (ea7b2c04-5c47-4d97-8675-e542fbfa5e12)
2023-02-07 11:29:27.917+0000 INFO  ======== Neo4j 5.4.0 ========
2023-02-07 11:31:15.417+0000 INFO  Called db.clearQueryCaches(): Query cache already empty.
2023-02-07 11:31:15.773+0000 INFO  Bolt enabled on localhost:7687.
2023-02-07 11:31:18.741+0000 INFO  Remote interface available at http://localhost:7474/
2023-02-07 11:31:18.752+0000 INFO  id: 1AC7C631A5547ACB52ACCE3A338F184D4021C9ACD68FD41DBF4CF6D968E60B14
2023-02-07 11:31:19.607+0000 INFO  name: system
2023-02-07 11:31:19.607+0000 INFO  creationDate: 2023-02-07T09:46:02.667Z
2023-02-07 11:31:19.607+0000 INFO  Started.
2023-02-07 11:31:30.064+0000 INFO  Neo4j Server shutdown initiated by request
2023-02-07 11:31:30.065+0000 INFO  Stopping...
2023-02-07 11:31:36.336+0000 INFO  Stopped.
2023-02-07 11:31:52.775+0000 INFO  Starting...
2023-02-07 11:31:54.010+0000 INFO  This instance is ServerId{ea7b2c04} (ea7b2c04-5c47-4d97-8675-e542fbfa5e12)
2023-02-07 11:31:56.599+0000 INFO  ======== Neo4j 5.4.0 ========
2023-02-07 11:32:45.346+0000 INFO  Called db.clearQueryCaches(): Query cache already empty.
2023-02-07 11:32:45.503+0000 INFO  Bolt enabled on localhost:7687.
2023-02-07 11:32:46.940+0000 INFO  Remote interface available at http://localhost:7474/
2023-02-07 11:32:46.956+0000 INFO  id: 1AC7C631A5547ACB52ACCE3A338F184D4021C9ACD68FD41DBF4CF6D968E60B14
2023-02-07 11:32:46.957+0000 INFO  name: system
2023-02-07 11:32:46.960+0000 INFO  creationDate: 2023-02-07T09:46:02.667Z
2023-02-07 11:32:46.961+0000 INFO  Started.
2023-02-07 11:34:31.868+0000 INFO  Neo4j Server shutdown initiated by request
2023-02-07 11:34:31.869+0000 INFO  Stopping...
2023-02-07 11:34:37.140+0000 INFO  Stopped.
2023-02-07 11:34:51.975+0000 INFO  Starting...
2023-02-07 11:34:53.332+0000 INFO  This instance is ServerId{ea7b2c04} (ea7b2c04-5c47-4d97-8675-e542fbfa5e12)
2023-02-07 11:34:55.744+0000 INFO  ======== Neo4j 5.4.0 ========
2023-02-07 11:35:08.543+0000 INFO  Bolt enabled on localhost:7687.
2023-02-07 11:35:10.628+0000 INFO  Remote interface available at http://localhost:7474/
2023-02-07 11:35:10.638+0000 INFO  id: 1AC7C631A5547ACB52ACCE3A338F184D4021C9ACD68FD41DBF4CF6D968E60B14
2023-02-07 11:35:10.639+0000 INFO  name: system
2023-02-07 11:35:10.640+0000 INFO  creationDate: 2023-02-07T09:46:02.667Z
2023-02-07 11:35:10.641+0000 INFO  Started.
2023-02-07 13:19:06.060+0000 ERROR [bolt-1312] Terminating connection due to unexpected error
org.neo4j.bolt.protocol.error.streaming.BoltStreamingWriteException: Failed to finalize batch: Cannot write result response
	at org.neo4j.bolt.protocol.common.transaction.result.ResultHandler.onFinish(ResultHandler.java:116) ~[neo4j-bolt-5.4.0.jar:5.4.0]
	at org.neo4j.bolt.protocol.common.fsm.AbstractStateMachine.after(AbstractStateMachine.java:126) ~[neo4j-bolt-5.4.0.jar:5.4.0]
	at org.neo4j.bolt.protocol.common.fsm.AbstractStateMachine.process(AbstractStateMachine.java:99) ~[neo4j-bolt-5.4.0.jar:5.4.0]
	at org.neo4j.bolt.protocol.common.connector.connection.AtomicSchedulingConnection.lambda$submit$4(AtomicSchedulingConnection.java:113) ~[neo4j-bolt-5.4.0.jar:5.4.0]
	at org.neo4j.bolt.protocol.common.connector.connection.AtomicSchedulingConnection.executeJob(AtomicSchedulingConnection.java:336) ~[neo4j-bolt-5.4.0.jar:5.4.0]
	at org.neo4j.bolt.protocol.common.connector.connection.AtomicSchedulingConnection.doExecuteJobs(AtomicSchedulingConnection.java:306) ~[neo4j-bolt-5.4.0.jar:5.4.0]
	at org.neo4j.bolt.protocol.common.connector.connection.AtomicSchedulingConnection.executeJobs(AtomicSchedulingConnection.java:212) ~[neo4j-bolt-5.4.0.jar:5.4.0]
	at java.util.concurrent.Executors$RunnableAdapter.call(Executors.java:539) ~[?:?]
	at java.util.concurrent.FutureTask.run(FutureTask.java:264) ~[?:?]
	at java.util.concurrent.ThreadPoolExecutor.runWorker(ThreadPoolExecutor.java:1136) ~[?:?]
	at java.util.concurrent.ThreadPoolExecutor$Worker.run(ThreadPoolExecutor.java:635) ~[?:?]
	at java.lang.Thread.run(Thread.java:833) ~[?:?]
Caused by: java.nio.channels.ClosedChannelException
	at io.netty.handler.codec.http.websocketx.WebSocketProtocolHandler.write(WebSocketProtocolHandler.java:113) ~[netty-codec-http-4.1.85.Final.jar:4.1.85.Final]
	at io.netty.handler.codec.http.websocketx.WebSocketServerProtocolHandler.write(WebSocketServerProtocolHandler.java:54) ~[netty-codec-http-4.1.85.Final.jar:4.1.85.Final]
	at io.netty.channel.AbstractChannelHandlerContext.invokeWrite0(AbstractChannelHandlerContext.java:881) ~[netty-transport-4.1.85.Final.jar:4.1.85.Final]
	at io.netty.channel.AbstractChannelHandlerContext.invokeWrite(AbstractChannelHandlerContext.java:863) ~[netty-transport-4.1.85.Final.jar:4.1.85.Final]
	at io.netty.channel.AbstractChannelHandlerContext.write(AbstractChannelHandlerContext.java:968) ~[netty-transport-4.1.85.Final.jar:4.1.85.Final]
	at io.netty.channel.AbstractChannelHandlerContext.write(AbstractChannelHandlerContext.java:856) ~[netty-transport-4.1.85.Final.jar:4.1.85.Final]
	at io.netty.handler.codec.MessageToMessageEncoder.write(MessageToMessageEncoder.java:113) ~[netty-codec-4.1.85.Final.jar:4.1.85.Final]
	at io.netty.channel.AbstractChannelHandlerContext.invokeWrite0(AbstractChannelHandlerContext.java:881) ~[netty-transport-4.1.85.Final.jar:4.1.85.Final]
	at io.netty.channel.AbstractChannelHandlerContext.invokeWrite(AbstractChannelHandlerContext.java:863) ~[netty-transport-4.1.85.Final.jar:4.1.85.Final]
	at io.netty.channel.AbstractChannelHandlerContext.write(AbstractChannelHandlerContext.java:968) ~[netty-transport-4.1.85.Final.jar:4.1.85.Final]
	at io.netty.channel.AbstractChannelHandlerContext.write(AbstractChannelHandlerContext.java:856) ~[netty-transport-4.1.85.Final.jar:4.1.85.Final]
	at org.neo4j.bolt.protocol.common.handler.StateSignalFilterHandler.write(StateSignalFilterHandler.java:41) ~[neo4j-bolt-5.4.0.jar:5.4.0]
	at io.netty.channel.AbstractChannelHandlerContext.invokeWrite0(AbstractChannelHandlerContext.java:881) ~[netty-transport-4.1.85.Final.jar:4.1.85.Final]
	at io.netty.channel.AbstractChannelHandlerContext.invokeWrite(AbstractChannelHandlerContext.java:863) ~[netty-transport-4.1.85.Final.jar:4.1.85.Final]
	at io.netty.channel.AbstractChannelHandlerContext.write(AbstractChannelHandlerContext.java:968) ~[netty-transport-4.1.85.Final.jar:4.1.85.Final]
	at io.netty.channel.AbstractChannelHandlerContext.write(AbstractChannelHandlerContext.java:856) ~[netty-transport-4.1.85.Final.jar:4.1.85.Final]
	at io.netty.handler.codec.MessageToByteEncoder.write(MessageToByteEncoder.java:120) ~[netty-codec-4.1.85.Final.jar:4.1.85.Final]
	at org.neo4j.packstream.codec.transport.FrameSignalEncoder.write(FrameSignalEncoder.java:72) ~[neo4j-bolt-5.4.0.jar:5.4.0]
	at io.netty.channel.AbstractChannelHandlerContext.invokeWrite0(AbstractChannelHandlerContext.java:881) ~[netty-transport-4.1.85.Final.jar:4.1.85.Final]
	at io.netty.channel.AbstractChannelHandlerContext.invokeWrite(AbstractChannelHandlerContext.java:863) ~[netty-transport-4.1.85.Final.jar:4.1.85.Final]
	at io.netty.channel.AbstractChannelHandlerContext.write(AbstractChannelHandlerContext.java:968) ~[netty-transport-4.1.85.Final.jar:4.1.85.Final]
	at io.netty.channel.AbstractChannelHandlerContext.write(AbstractChannelHandlerContext.java:856) ~[netty-transport-4.1.85.Final.jar:4.1.85.Final]
	at io.netty.handler.codec.MessageToByteEncoder.write(MessageToByteEncoder.java:113) ~[netty-codec-4.1.85.Final.jar:4.1.85.Final]
	at io.netty.channel.AbstractChannelHandlerContext.invokeWrite0(AbstractChannelHandlerContext.java:881) ~[netty-transport-4.1.85.Final.jar:4.1.85.Final]
	at io.netty.channel.AbstractChannelHandlerContext.invokeWrite(AbstractChannelHandlerContext.java:863) ~[netty-transport-4.1.85.Final.jar:4.1.85.Final]
	at io.netty.channel.AbstractChannelHandlerContext.write(AbstractChannelHandlerContext.java:968) ~[netty-transport-4.1.85.Final.jar:4.1.85.Final]
	at io.netty.channel.AbstractChannelHandlerContext.write(AbstractChannelHandlerContext.java:856) ~[netty-transport-4.1.85.Final.jar:4.1.85.Final]
	at io.netty.handler.codec.MessageToByteEncoder.write(MessageToByteEncoder.java:113) ~[netty-codec-4.1.85.Final.jar:4.1.85.Final]
	at io.netty.channel.AbstractChannelHandlerContext.invokeWrite0(AbstractChannelHandlerContext.java:881) ~[netty-transport-4.1.85.Final.jar:4.1.85.Final]
	at io.netty.channel.AbstractChannelHandlerContext.invokeWrite(AbstractChannelHandlerContext.java:863) ~[netty-transport-4.1.85.Final.jar:4.1.85.Final]
	at io.netty.channel.AbstractChannelHandlerContext.write(AbstractChannelHandlerContext.java:968) ~[netty-transport-4.1.85.Final.jar:4.1.85.Final]
	at io.netty.channel.AbstractChannelHandlerContext.write(AbstractChannelHandlerContext.java:856) ~[netty-transport-4.1.85.Final.jar:4.1.85.Final]
	at org.neo4j.bolt.runtime.throttle.ChannelReadThrottleHandler.write(ChannelReadThrottleHandler.java:75) ~[neo4j-bolt-5.4.0.jar:5.4.0]
	at io.netty.channel.AbstractChannelHandlerContext.invokeWrite0(AbstractChannelHandlerContext.java:879) ~[netty-transport-4.1.85.Final.jar:4.1.85.Final]
	at io.netty.channel.AbstractChannelHandlerContext.invokeWrite(AbstractChannelHandlerContext.java:863) ~[netty-transport-4.1.85.Final.jar:4.1.85.Final]
	at io.netty.channel.AbstractChannelHandlerContext.write(AbstractChannelHandlerContext.java:968) ~[netty-transport-4.1.85.Final.jar:4.1.85.Final]
	at io.netty.channel.AbstractChannelHandlerContext.write(AbstractChannelHandlerContext.java:856) ~[netty-transport-4.1.85.Final.jar:4.1.85.Final]
	at io.netty.channel.AbstractChannelHandlerContext.write(AbstractChannelHandlerContext.java:851) ~[netty-transport-4.1.85.Final.jar:4.1.85.Final]
	at io.netty.handler.codec.MessageToMessageEncoder.writePromiseCombiner(MessageToMessageEncoder.java:140) ~[netty-codec-4.1.85.Final.jar:4.1.85.Final]
	at io.netty.handler.codec.MessageToMessageEncoder.write(MessageToMessageEncoder.java:120) ~[netty-codec-4.1.85.Final.jar:4.1.85.Final]
	at io.netty.channel.AbstractChannelHandlerContext.invokeWrite0(AbstractChannelHandlerContext.java:881) ~[netty-transport-4.1.85.Final.jar:4.1.85.Final]
	at io.netty.channel.AbstractChannelHandlerContext.invokeWrite(AbstractChannelHandlerContext.java:863) ~[netty-transport-4.1.85.Final.jar:4.1.85.Final]
	at io.netty.channel.AbstractChannelHandlerContext.write(AbstractChannelHandlerContext.java:968) ~[netty-transport-4.1.85.Final.jar:4.1.85.Final]
	at io.netty.channel.AbstractChannelHandlerContext.write(AbstractChannelHandlerContext.java:856) ~[netty-transport-4.1.85.Final.jar:4.1.85.Final]
	at org.neo4j.bolt.protocol.common.handler.RecordResponseAccumulator.write(RecordResponseAccumulator.java:73) ~[neo4j-bolt-5.4.0.jar:5.4.0]
	at io.netty.channel.AbstractChannelHandlerContext.invokeWrite0(AbstractChannelHandlerContext.java:881) ~[netty-transport-4.1.85.Final.jar:4.1.85.Final]
	at io.netty.channel.AbstractChannelHandlerContext.invokeWrite(AbstractChannelHandlerContext.java:863) ~[netty-transport-4.1.85.Final.jar:4.1.85.Final]
	at io.netty.channel.AbstractChannelHandlerContext.write(AbstractChannelHandlerContext.java:968) ~[netty-transport-4.1.85.Final.jar:4.1.85.Final]
	at io.netty.channel.AbstractChannelHandlerContext.write(AbstractChannelHandlerContext.java:856) ~[netty-transport-4.1.85.Final.jar:4.1.85.Final]
	at io.netty.handler.timeout.IdleStateHandler.write(IdleStateHandler.java:302) ~[netty-handler-4.1.85.Final.jar:4.1.85.Final]
	at org.neo4j.bolt.protocol.common.handler.KeepAliveHandler.write(KeepAliveHandler.java:117) ~[neo4j-bolt-5.4.0.jar:5.4.0]
	at io.netty.channel.AbstractChannelHandlerContext.invokeWrite0(AbstractChannelHandlerContext.java:879) ~[netty-transport-4.1.85.Final.jar:4.1.85.Final]
	at io.netty.channel.AbstractChannelHandlerContext.invokeWriteAndFlush(AbstractChannelHandlerContext.java:940) ~[netty-transport-4.1.85.Final.jar:4.1.85.Final]
	at io.netty.channel.AbstractChannelHandlerContext$WriteTask.run(AbstractChannelHandlerContext.java:1247) ~[netty-transport-4.1.85.Final.jar:4.1.85.Final]
	at io.netty.util.concurrent.AbstractEventExecutor.runTask(AbstractEventExecutor.java:174) ~[netty-common-4.1.85.Final.jar:4.1.85.Final]
	at io.netty.util.concurrent.AbstractEventExecutor.safeExecute(AbstractEventExecutor.java:167) ~[netty-common-4.1.85.Final.jar:4.1.85.Final]
	at io.netty.util.concurrent.SingleThreadEventExecutor.runAllTasks(SingleThreadEventExecutor.java:470) ~[netty-common-4.1.85.Final.jar:4.1.85.Final]
	at io.netty.channel.kqueue.KQueueEventLoop.run(KQueueEventLoop.java:295) ~[netty-transport-classes-kqueue-4.1.85.Final.jar:4.1.85.Final]
	at io.netty.util.concurrent.SingleThreadEventExecutor$4.run(SingleThreadEventExecutor.java:997) ~[netty-common-4.1.85.Final.jar:4.1.85.Final]
	at io.netty.util.internal.ThreadExecutorMap$2.run(ThreadExecutorMap.java:74) ~[netty-common-4.1.85.Final.jar:4.1.85.Final]
	at io.netty.util.concurrent.FastThreadLocalRunnable.run(FastThreadLocalRunnable.java:30) ~[netty-common-4.1.85.Final.jar:4.1.85.Final]
	... 1 more
